<?xml version="1.0" ?>
<testsuites disabled="0" errors="0" failures="4" tests="8" time="0.0">
	<testsuite disabled="0" errors="0" failures="4" name="terraform scan" skipped="0" tests="8" time="0">
		<properties>
			<property name="directory" value="['.']"/>
			<property name="add_check" value="False"/>
			<property name="list" value="False"/>
			<property name="output" value="['junitxml']"/>
			<property name="output_bc_ids" value="False"/>
			<property name="include_all_checkov_policies" value="True"/>
			<property name="quiet" value="False"/>
			<property name="compact" value="False"/>
			<property name="framework" value="['terraform']"/>
			<property name="skip_framework" value="[]"/>
			<property name="run_all_external_checks" value="False"/>
			<property name="soft_fail" value="False"/>
			<property name="skip_results_upload" value="False"/>
			<property name="repo_id" value="cli_repo/checkov-example"/>
			<property name="branch" value="master"/>
			<property name="skip_download" value="False"/>
			<property name="use_enforcement_rules" value="False"/>
			<property name="download_external_modules" value="False"/>
			<property name="external_modules_download_path" value=".external_modules"/>
			<property name="evaluate_variables" value="True"/>
			<property name="no_cert_verify" value="False"/>
			<property name="create_baseline" value="False"/>
			<property name="output_baseline_as_skipped" value="False"/>
			<property name="secrets_scan_file_type" value="[]"/>
			<property name="enable_secret_scan_all_files" value="False"/>
			<property name="block_list_secret_scan" value="[]"/>
			<property name="summary_position" value="top"/>
			<property name="skip_resources_without_violations" value="False"/>
			<property name="deep_analysis" value="False"/>
			<property name="no_fail_on_crash" value="False"/>
			<property name="mask" value="defaultdict(&lt;class 'set'&gt;, {})"/>
			<property name="scan_secrets_history" value="False"/>
			<property name="secrets_history_timeout" value="12h"/>
		</properties>
		<testcase name="[NONE][CKV_AZURE_44] Ensure Storage Account is using the latest version of TLS encryption" classname="/main.tf.azurerm_storage_account.tfstate" file="/main.tf"/>
		<testcase name="[NONE][CKV_AZURE_36] Ensure 'Trusted Microsoft Services' is enabled for Storage Account access" classname="/main.tf.azurerm_storage_account.tfstate" file="/main.tf"/>
		<testcase name="[NONE][CKV_AZURE_3] Ensure that 'enable_https_traffic_only' is enabled" classname="/main.tf.azurerm_storage_account.tfstate" file="/main.tf"/>
		<testcase name="[NONE][CKV_AZURE_190] Ensure that Storage blobs restrict public access" classname="/main.tf.azurerm_storage_account.tfstate" file="/main.tf"/>
		<testcase name="[NONE][CKV_AZURE_33] Ensure Storage logging is enabled for Queue service for read, write and delete requests" classname="/main.tf.azurerm_storage_account.tfstate" file="/main.tf">
			<failure type="failure" message="Ensure Storage logging is enabled for Queue service for read, write and delete requests">
Resource: azurerm_storage_account.tfstate
File: /main.tf: 18-31
Guideline: https://docs.prismacloud.io/en/enterprise-edition/policy-reference/azure-policies/azure-logging-policies/enable-requests-on-storage-logging-for-queue-service

		18 | resource &quot;azurerm_storage_account&quot; &quot;tfstate&quot; {
		19 |   name                     = &quot;tfstate${random_string.resource_code.result}&quot;
		20 |   resource_group_name      = azurerm_resource_group.rg.name
		21 |   location                 = azurerm_resource_group.rg.location
		22 |   account_tier             = &quot;Standard&quot;
		23 |   account_replication_type = &quot;LRS&quot;
		24 |   public_network_access_enabled = true
		25 |   min_tls_version = &quot;TLS1_2&quot;
		26 |   allow_nested_items_to_be_public = false
		27 | 
		28 |   tags = {
		29 |     environment = &quot;staging&quot;  
		30 |   }
		31 | }
</failure>
		</testcase>
		<testcase name="[NONE][CKV_AZURE_59] Ensure that Storage accounts disallow public access" classname="/main.tf.azurerm_storage_account.tfstate" file="/main.tf">
			<failure type="failure" message="Ensure that Storage accounts disallow public access">
Resource: azurerm_storage_account.tfstate
File: /main.tf: 18-31
Guideline: https://docs.prismacloud.io/en/enterprise-edition/policy-reference/azure-policies/azure-networking-policies/ensure-that-storage-accounts-disallow-public-access

		18 | resource &quot;azurerm_storage_account&quot; &quot;tfstate&quot; {
		19 |   name                     = &quot;tfstate${random_string.resource_code.result}&quot;
		20 |   resource_group_name      = azurerm_resource_group.rg.name
		21 |   location                 = azurerm_resource_group.rg.location
		22 |   account_tier             = &quot;Standard&quot;
		23 |   account_replication_type = &quot;LRS&quot;
		24 |   public_network_access_enabled = true
		25 |   min_tls_version = &quot;TLS1_2&quot;
		26 |   allow_nested_items_to_be_public = false
		27 | 
		28 |   tags = {
		29 |     environment = &quot;staging&quot;  
		30 |   }
		31 | }
</failure>
		</testcase>
		<testcase name="[NONE][CKV_AZURE_206] Ensure that Storage Accounts use replication" classname="/main.tf.azurerm_storage_account.tfstate" file="/main.tf">
			<failure type="failure" message="Ensure that Storage Accounts use replication">
Resource: azurerm_storage_account.tfstate
File: /main.tf: 18-31
Guideline: https://docs.prismacloud.io/en/enterprise-edition/policy-reference/azure-policies/azure-general-policies/azr-general-206

		18 | resource &quot;azurerm_storage_account&quot; &quot;tfstate&quot; {
		19 |   name                     = &quot;tfstate${random_string.resource_code.result}&quot;
		20 |   resource_group_name      = azurerm_resource_group.rg.name
		21 |   location                 = azurerm_resource_group.rg.location
		22 |   account_tier             = &quot;Standard&quot;
		23 |   account_replication_type = &quot;LRS&quot;
		24 |   public_network_access_enabled = true
		25 |   min_tls_version = &quot;TLS1_2&quot;
		26 |   allow_nested_items_to_be_public = false
		27 | 
		28 |   tags = {
		29 |     environment = &quot;staging&quot;  
		30 |   }
		31 | }
</failure>
		</testcase>
		<testcase name="[NONE][CKV_AZURE_34] Ensure that 'Public access level' is set to Private for blob containers" classname="/main.tf.azurerm_storage_container.tfstate" file="/main.tf">
			<failure type="failure" message="Ensure that 'Public access level' is set to Private for blob containers">
Resource: azurerm_storage_container.tfstate
File: /main.tf: 33-37
Guideline: https://docs.prismacloud.io/en/enterprise-edition/policy-reference/azure-policies/azure-networking-policies/set-public-access-level-to-private-for-blob-containers

		33 | resource &quot;azurerm_storage_container&quot; &quot;tfstate&quot; {
		34 |   name                  = &quot;tfstate&quot;
		35 |   storage_account_name  = azurerm_storage_account.tfstate.name
		36 |   container_access_type = &quot;blob&quot;
		37 | }</failure>
		</testcase>
	</testsuite>
</testsuites>

